[2019-10-17 07:45:40.560] [exthost1] [info] extension host started
[2019-10-17 07:45:40.588] [exthost1] [info] ExtensionService#_doActivateExtension vscode.debug-auto-launch {"startup":true,"activationEvent":"*"}
[2019-10-17 07:45:40.589] [exthost1] [info] ExtensionService#loadCommonJSModule /usr/share/code/resources/app/extensions/debug-auto-launch/out/extension
[2019-10-17 07:45:41.490] [exthost1] [info] ExtensionService#_doActivateExtension vscode.emmet {"startup":true,"activationEvent":"*"}
[2019-10-17 07:45:41.490] [exthost1] [info] ExtensionService#loadCommonJSModule /usr/share/code/resources/app/extensions/emmet/dist/extension
[2019-10-17 07:45:41.771] [exthost1] [info] ExtensionService#_doActivateExtension vscode.git {"startup":true,"activationEvent":"*"}
[2019-10-17 07:45:41.771] [exthost1] [info] ExtensionService#loadCommonJSModule /usr/share/code/resources/app/extensions/git/dist/main
[2019-10-17 07:45:45.820] [exthost1] [info] ExtensionService#_doActivateExtension vscode.merge-conflict {"startup":true,"activationEvent":"*"}
[2019-10-17 07:45:45.820] [exthost1] [info] ExtensionService#loadCommonJSModule /usr/share/code/resources/app/extensions/merge-conflict/out/extension
[2019-10-17 07:45:46.472] [exthost1] [info] ExtensionService#_doActivateExtension vscode.search-rg {"startup":true,"activationEvent":"*"}
[2019-10-17 07:45:46.472] [exthost1] [info] ExtensionService#loadCommonJSModule /usr/share/code/resources/app/extensions/search-rg/out/extension
[2019-10-17 07:45:46.682] [exthost1] [info] ExtensionService#_doActivateExtension christian-kohler.path-intellisense {"startup":true,"activationEvent":"*"}
[2019-10-17 07:45:46.682] [exthost1] [info] ExtensionService#loadCommonJSModule /root/.vscode/extensions/christian-kohler.path-intellisense-1.4.2/out/src/extension
[2019-10-17 07:45:47.156] [exthost1] [info] ExtensionService#_doActivateExtension dariofuzinato.vue-peek {"startup":true,"activationEvent":"*"}
[2019-10-17 07:45:47.156] [exthost1] [info] ExtensionService#loadCommonJSModule /root/.vscode/extensions/dariofuzinato.vue-peek-1.0.2/out/src/extension
[2019-10-17 07:45:47.277] [exthost1] [info] ExtensionService#_doActivateExtension dbaeumer.vscode-eslint {"startup":true,"activationEvent":"*"}
[2019-10-17 07:45:47.277] [exthost1] [info] ExtensionService#loadCommonJSModule /root/.vscode/extensions/dbaeumer.vscode-eslint-1.6.0/client/out/extension
[2019-10-17 07:45:48.794] [exthost1] [info] ExtensionService#_doActivateExtension esbenp.prettier-vscode {"startup":true,"activationEvent":"*"}
[2019-10-17 07:45:48.794] [exthost1] [info] ExtensionService#loadCommonJSModule /root/.vscode/extensions/esbenp.prettier-vscode-2.2.2/out/extension
[2019-10-17 07:45:52.734] [exthost1] [info] ExtensionService#_doActivateExtension formulahendry.auto-close-tag {"startup":true,"activationEvent":"*"}
[2019-10-17 07:45:52.734] [exthost1] [info] ExtensionService#loadCommonJSModule /root/.vscode/extensions/formulahendry.auto-close-tag-0.5.6/out/src/extension
[2019-10-17 07:45:52.804] [exthost1] [info] ExtensionService#_doActivateExtension formulahendry.auto-rename-tag {"startup":true,"activationEvent":"*"}
[2019-10-17 07:45:52.804] [exthost1] [info] ExtensionService#loadCommonJSModule /root/.vscode/extensions/formulahendry.auto-rename-tag-0.1.0/out/src/extension
[2019-10-17 07:45:52.966] [exthost1] [info] ExtensionService#_doActivateExtension tombonnike.vscode-status-bar-format-toggle {"startup":true,"activationEvent":"*"}
[2019-10-17 07:45:52.966] [exthost1] [info] ExtensionService#loadCommonJSModule /root/.vscode/extensions/tombonnike.vscode-status-bar-format-toggle-1.5.0/out/src/extension
[2019-10-17 07:46:03.220] [exthost1] [info] ExtensionService#_doActivateExtension vscode.typescript-language-features {"startup":false,"activationEvent":"onLanguage:javascript"}
[2019-10-17 07:46:03.220] [exthost1] [info] ExtensionService#loadCommonJSModule /usr/share/code/resources/app/extensions/typescript-language-features/dist/extension
[2019-10-17 07:46:04.291] [exthost1] [info] ExtensionService#_doActivateExtension christian-kohler.npm-intellisense {"startup":false,"activationEvent":"onLanguage:javascript"}
[2019-10-17 07:46:04.291] [exthost1] [info] ExtensionService#loadCommonJSModule /root/.vscode/extensions/christian-kohler.npm-intellisense-1.3.0/out/src/extension
[2019-10-17 07:46:06.003] [exthost1] [info] ExtensionService#_doActivateExtension vscode.css-language-features {"startup":false,"activationEvent":"onLanguage:css"}
[2019-10-17 07:46:06.003] [exthost1] [info] ExtensionService#loadCommonJSModule /usr/share/code/resources/app/extensions/css-language-features/client/dist/cssMain
[2019-10-17 07:47:23.895] [exthost1] [info] eager extensions activated
[2019-10-17 07:55:18.798] [exthost1] [info] ExtensionService#_doActivateExtension vscode.html-language-features {"startup":false,"activationEvent":"onLanguage:html"}
[2019-10-17 07:55:18.798] [exthost1] [info] ExtensionService#loadCommonJSModule /usr/share/code/resources/app/extensions/html-language-features/client/dist/htmlMain
[2019-10-17 08:40:04.276] [exthost1] [info] ExtensionService#_doActivateExtension vscode.extension-editing {"startup":false,"activationEvent":"onLanguage:typescript"}
[2019-10-17 08:40:04.277] [exthost1] [info] ExtensionService#loadCommonJSModule /usr/share/code/resources/app/extensions/extension-editing/out/extension
